0 info it worked if it ends with ok
1 verbose cli [ '/usr/bin/node', '/usr/bin/npm', 'install', '-g', 'node-gyp' ]
2 info using npm@1.4.28
3 info using node@v0.10.35
4 verbose node symlink /usr/bin/node
5 verbose cache add [ 'node-gyp', null ]
6 verbose cache add name=undefined spec="node-gyp" args=["node-gyp",null]
7 verbose parsed url { protocol: null,
7 verbose parsed url   slashes: null,
7 verbose parsed url   auth: null,
7 verbose parsed url   host: null,
7 verbose parsed url   port: null,
7 verbose parsed url   hostname: null,
7 verbose parsed url   hash: null,
7 verbose parsed url   search: null,
7 verbose parsed url   query: null,
7 verbose parsed url   pathname: 'node-gyp',
7 verbose parsed url   path: 'node-gyp',
7 verbose parsed url   href: 'node-gyp' }
8 silly lockFile 54062583-node-gyp node-gyp
9 verbose lock node-gyp /home/alex/.npm/54062583-node-gyp.lock
10 silly lockFile 54062583-node-gyp node-gyp
11 silly lockFile 54062583-node-gyp node-gyp
12 verbose addNamed [ 'node-gyp', '' ]
13 verbose addNamed [ null, '*' ]
14 silly lockFile c0cd6589-node-gyp node-gyp@
15 verbose lock node-gyp@ /home/alex/.npm/c0cd6589-node-gyp.lock
16 silly addNameRange { name: 'node-gyp', range: '*', hasData: false }
17 verbose request where is /node-gyp
18 verbose request registry http://registry.npmjs.org/
19 verbose request id e2c674ca96e1ac68
20 verbose url raw /node-gyp
21 verbose url resolving [ 'http://registry.npmjs.org/', './node-gyp' ]
22 verbose url resolved http://registry.npmjs.org/node-gyp
23 verbose request where is http://registry.npmjs.org/node-gyp
24 info trying registry request attempt 1 at 20:44:47
25 verbose etag "28L7MGLGAL0KPPDWGJEYXQ73X"
26 http GET http://registry.npmjs.org/node-gyp
27 http 304 http://registry.npmjs.org/node-gyp
28 silly registry.get cb [ 304,
28 silly registry.get   { date: 'Sun, 01 Feb 2015 01:44:47 GMT',
28 silly registry.get     via: '1.1 varnish',
28 silly registry.get     'last-modified': 'Sun, 01 Feb 2015 01:44:47 GMT',
28 silly registry.get     'cache-control': 'max-age=60',
28 silly registry.get     etag: '"28L7MGLGAL0KPPDWGJEYXQ73X"',
28 silly registry.get     age: '0',
28 silly registry.get     connection: 'keep-alive',
28 silly registry.get     'x-served-by': 'cache-jfk1033-JFK',
28 silly registry.get     'x-cache': 'MISS',
28 silly registry.get     'x-cache-hits': '0',
28 silly registry.get     'x-timer': 'S1422755087.752617,VS0,VE19',
28 silly registry.get     vary: 'Accept' } ]
29 verbose etag http://registry.npmjs.org/node-gyp from cache
30 silly addNameRange number 2 { name: 'node-gyp', range: '*', hasData: true }
31 silly addNameRange versions [ 'node-gyp',
31 silly addNameRange   [ '0.0.1',
31 silly addNameRange     '0.0.2',
31 silly addNameRange     '0.0.3',
31 silly addNameRange     '0.0.4',
31 silly addNameRange     '0.0.5',
31 silly addNameRange     '0.0.6',
31 silly addNameRange     '0.1.0',
31 silly addNameRange     '0.1.1',
31 silly addNameRange     '0.1.2',
31 silly addNameRange     '0.1.3',
31 silly addNameRange     '0.1.4',
31 silly addNameRange     '0.2.0',
31 silly addNameRange     '0.2.1',
31 silly addNameRange     '0.2.2',
31 silly addNameRange     '0.3.0',
31 silly addNameRange     '0.3.1',
31 silly addNameRange     '0.3.2',
31 silly addNameRange     '0.3.4',
31 silly addNameRange     '0.3.5',
31 silly addNameRange     '0.3.6',
31 silly addNameRange     '0.3.7',
31 silly addNameRange     '0.3.8',
31 silly addNameRange     '0.3.9',
31 silly addNameRange     '0.3.10',
31 silly addNameRange     '0.3.11',
31 silly addNameRange     '0.4.0',
31 silly addNameRange     '0.4.1',
31 silly addNameRange     '0.4.2',
31 silly addNameRange     '0.4.3',
31 silly addNameRange     '0.4.4',
31 silly addNameRange     '0.4.5',
31 silly addNameRange     '0.5.0',
31 silly addNameRange     '0.5.1',
31 silly addNameRange     '0.5.2',
31 silly addNameRange     '0.5.3',
31 silly addNameRange     '0.5.4',
31 silly addNameRange     '0.5.5',
31 silly addNameRange     '0.5.6',
31 silly addNameRange     '0.5.7',
31 silly addNameRange     '0.5.8',
31 silly addNameRange     '0.6.0',
31 silly addNameRange     '0.6.1',
31 silly addNameRange     '0.6.2',
31 silly addNameRange     '0.6.3',
31 silly addNameRange     '0.6.4',
31 silly addNameRange     '0.6.5',
31 silly addNameRange     '0.6.6',
31 silly addNameRange     '0.6.7',
31 silly addNameRange     '0.6.8',
31 silly addNameRange     '0.6.9',
31 silly addNameRange     '0.6.10',
31 silly addNameRange     '0.6.11',
31 silly addNameRange     '0.7.0',
31 silly addNameRange     '0.7.1',
31 silly addNameRange     '0.7.2',
31 silly addNameRange     '0.7.3',
31 silly addNameRange     '0.8.0',
31 silly addNameRange     '0.8.1',
31 silly addNameRange     '0.8.2',
31 silly addNameRange     '0.8.3',
31 silly addNameRange     '0.8.4',
31 silly addNameRange     '0.8.5',
31 silly addNameRange     '0.9.0',
31 silly addNameRange     '0.9.1',
31 silly addNameRange     '0.9.2',
31 silly addNameRange     '0.9.3',
31 silly addNameRange     '0.9.4',
31 silly addNameRange     '0.9.5',
31 silly addNameRange     '0.9.6',
31 silly addNameRange     '0.10.0',
31 silly addNameRange     '0.10.1',
31 silly addNameRange     '0.10.2',
31 silly addNameRange     '0.10.3',
31 silly addNameRange     '0.10.4',
31 silly addNameRange     '0.10.5',
31 silly addNameRange     '0.10.6',
31 silly addNameRange     '0.10.7',
31 silly addNameRange     '0.10.8',
31 silly addNameRange     '0.10.9',
31 silly addNameRange     '0.10.10',
31 silly addNameRange     '0.11.0',
31 silly addNameRange     '0.12.0',
31 silly addNameRange     '0.12.1',
31 silly addNameRange     '0.12.2',
31 silly addNameRange     '0.13.0',
31 silly addNameRange     '0.13.1',
31 silly addNameRange     '1.0.0',
31 silly addNameRange     '1.0.1',
31 silly addNameRange     '1.0.2' ] ]
32 verbose addNamed [ 'node-gyp', '1.0.2' ]
33 verbose addNamed [ '1.0.2', '1.0.2' ]
34 silly lockFile 0b2bb2de-node-gyp-1-0-2 node-gyp@1.0.2
35 verbose lock node-gyp@1.0.2 /home/alex/.npm/0b2bb2de-node-gyp-1-0-2.lock
36 silly lockFile 0b2bb2de-node-gyp-1-0-2 node-gyp@1.0.2
37 silly lockFile 0b2bb2de-node-gyp-1-0-2 node-gyp@1.0.2
38 silly lockFile c0cd6589-node-gyp node-gyp@
39 silly lockFile c0cd6589-node-gyp node-gyp@
40 silly resolved [ { name: 'node-gyp',
40 silly resolved     description: 'Node.js native addon build tool',
40 silly resolved     keywords: [ 'native', 'addon', 'module', 'c', 'c++', 'bindings', 'gyp' ],
40 silly resolved     version: '1.0.2',
40 silly resolved     installVersion: 9,
40 silly resolved     author:
40 silly resolved      { name: 'Nathan Rajlich',
40 silly resolved        email: 'nathan@tootallnate.net',
40 silly resolved        url: 'http://tootallnate.net' },
40 silly resolved     repository:
40 silly resolved      { type: 'git',
40 silly resolved        url: 'git://github.com/TooTallNate/node-gyp.git' },
40 silly resolved     preferGlobal: true,
40 silly resolved     bin: { 'node-gyp': './bin/node-gyp.js' },
40 silly resolved     main: './lib/node-gyp.js',
40 silly resolved     dependencies:
40 silly resolved      { fstream: '^1.0.0',
40 silly resolved        glob: '3 || 4',
40 silly resolved        'graceful-fs': '3',
40 silly resolved        minimatch: '1',
40 silly resolved        mkdirp: '^0.5.0',
40 silly resolved        nopt: '2 || 3',
40 silly resolved        npmlog: '0',
40 silly resolved        osenv: '0',
40 silly resolved        request: '2',
40 silly resolved        rimraf: '2',
40 silly resolved        semver: '2.x || 3.x || 4',
40 silly resolved        tar: '^1.0.0',
40 silly resolved        which: '1' },
40 silly resolved     engines: { node: '>= 0.8.0' },
40 silly resolved     gitHead: '1e399b471945b35f3bfbca4a10fba31a6739b5db',
40 silly resolved     bugs: { url: 'https://github.com/TooTallNate/node-gyp/issues' },
40 silly resolved     homepage: 'https://github.com/TooTallNate/node-gyp',
40 silly resolved     _id: 'node-gyp@1.0.2',
40 silly resolved     scripts: {},
40 silly resolved     _shasum: 'b0bb6d2d762271408dd904853e7aa3000ed2eb57',
40 silly resolved     _from: 'node-gyp@',
40 silly resolved     _npmVersion: '2.0.0-beta.3',
40 silly resolved     _npmUser: { name: 'isaacs', email: 'i@izs.me' },
40 silly resolved     maintainers: [ [Object], [Object], [Object] ],
40 silly resolved     dist:
40 silly resolved      { shasum: 'b0bb6d2d762271408dd904853e7aa3000ed2eb57',
40 silly resolved        tarball: 'http://registry.npmjs.org/node-gyp/-/node-gyp-1.0.2.tgz' },
40 silly resolved     directories: {},
40 silly resolved     _resolved: 'http://registry.npmjs.org/node-gyp/-/node-gyp-1.0.2.tgz',
40 silly resolved     readme: 'ERROR: No README data found!' } ]
41 info install node-gyp@1.0.2 into /usr/lib
42 info installOne node-gyp@1.0.2
43 verbose lib/node_modules/node-gyp unbuild
44 verbose tar unpack /home/alex/.npm/node-gyp/1.0.2/package.tgz
45 silly lockFile 5d80ce56-ar-usr-lib-node-modules-node-gyp tar:///usr/lib/node_modules/node-gyp
46 verbose lock tar:///usr/lib/node_modules/node-gyp /home/alex/.npm/5d80ce56-ar-usr-lib-node-modules-node-gyp.lock
47 silly lockFile 9002b51c-x-npm-node-gyp-1-0-2-package-tgz tar:///home/alex/.npm/node-gyp/1.0.2/package.tgz
48 verbose lock tar:///home/alex/.npm/node-gyp/1.0.2/package.tgz /home/alex/.npm/9002b51c-x-npm-node-gyp-1-0-2-package-tgz.lock
49 silly gunzTarPerm modes [ '775', '664' ]
50 error Error: EACCES, mkdir '/usr/lib/node_modules/node-gyp'
50 error  { [Error: EACCES, mkdir '/usr/lib/node_modules/node-gyp']
50 error   errno: 3,
50 error   code: 'EACCES',
50 error   path: '/usr/lib/node_modules/node-gyp',
50 error   fstream_type: 'Directory',
50 error   fstream_path: '/usr/lib/node_modules/node-gyp',
50 error   fstream_class: 'DirWriter',
50 error   fstream_stack:
50 error    [ '/usr/lib/node_modules/npm/node_modules/fstream/lib/dir-writer.js:36:23',
50 error      '/usr/lib/node_modules/npm/node_modules/mkdirp/index.js:46:53',
50 error      'Object.oncomplete (fs.js:108:15)' ] }
51 error Please try running this command again as root/Administrator.
52 error System Linux 3.13.0-44-generic
53 error command "/usr/bin/node" "/usr/bin/npm" "install" "-g" "node-gyp"
54 error cwd /home/alex/multiplayer_swarm
55 error node -v v0.10.35
56 error npm -v 1.4.28
57 error path /usr/lib/node_modules/node-gyp
58 error fstream_path /usr/lib/node_modules/node-gyp
59 error fstream_type Directory
60 error fstream_class DirWriter
61 error code EACCES
62 error errno 3
63 error stack Error: EACCES, mkdir '/usr/lib/node_modules/node-gyp'
64 error fstream_stack /usr/lib/node_modules/npm/node_modules/fstream/lib/dir-writer.js:36:23
64 error fstream_stack /usr/lib/node_modules/npm/node_modules/mkdirp/index.js:46:53
64 error fstream_stack Object.oncomplete (fs.js:108:15)
65 verbose exit [ 3, true ]
